<?xml version="1.0" encoding="UTF-8"?>
<!-- Generated by org.testng.reporters.JUnitReportReporter -->
<testsuite hostname="C02Y10BFJGH5" name="tests.PetStore" tests="3" failures="0" timestamp="31 Oct 2020 13:50:40 GMT" time="4.937" errors="0">
  <testcase name="validateOrderPlacingForPet" time="1.381" classname="tests.PetStore"/>
  <testcase name="validateAdditionOfNewPet" time="2.476" classname="tests.PetStore"/>
  <testcase name="validateDeletionOfPetRecord" time="1.080" classname="tests.PetStore"/>
</testsuite> <!-- tests.PetStore -->
