<?xml version="1.0" encoding="UTF-8"?>
<!-- Generated by org.testng.reporters.JUnitReportReporter -->
<testsuite hostname="C02Y10BFJGH5" name="tests.PetStore" tests="3" failures="0" timestamp="31 Oct 2020 15:35:35 GMT" time="5.166" errors="0">
  <testcase name="validateAdditionOfNewPet" time="2.717" classname="tests.PetStore"/>
  <testcase name="validateDeletionOfPetRecord" time="1.069" classname="tests.PetStore"/>
  <testcase name="validateOrderPlacingForPet" time="1.380" classname="tests.PetStore"/>
</testsuite> <!-- tests.PetStore -->
